<?xml version="1.0" encoding="UTF-8"?>
<!-- Generated by org.testng.reporters.JUnitReportReporter -->
<testsuite hostname="Abdulraheem" failures="0" tests="1" name="MyTestCases" time="15.973" errors="0" timestamp="2024-11-11T21:07:16 EET" skipped="0">
  <testcase classname="MyTestCases" name="myFirstTest" time="15.973"/>
  <system-out/>
</testsuite> <!-- MyTestCases -->
